2020-07-02 01:19:07,565  INFO Microsoft.Hosting.Lifetime.? [?] - MESSAGE: Now listening on: http://[::]:5177
 2020-07-02 01:19:07,578  INFO Microsoft.Hosting.Lifetime.? [?] - MESSAGE: Application started. Press Ctrl+C to shut down.
 2020-07-02 01:19:07,578  INFO Microsoft.Hosting.Lifetime.? [?] - MESSAGE: Hosting environment: Production
 2020-07-02 01:19:07,578  INFO Microsoft.Hosting.Lifetime.? [?] - MESSAGE: Content root path: C:\Users\19312\Desktop\重要文件\ASP.NET Core\myProject\mvcProject\bin\Debug\netcoreapp3.1
 2020-07-02 01:19:30,349  WARN Microsoft.AspNetCore.Session.SessionMiddleware.? [?] - MESSAGE: Error unprotecting the session cookie.
 System.Security.Cryptography.CryptographicException: The payload was invalid.
   at Microsoft.AspNetCore.DataProtection.Cng.CbcAuthenticatedEncryptor.DecryptImpl(Byte* pbCiphertext, UInt32 cbCiphertext, Byte* pbAdditionalAuthenticatedData, UInt32 cbAdditionalAuthenticatedData)
   at Microsoft.AspNetCore.DataProtection.Cng.Internal.CngAuthenticatedEncryptorBase.Decrypt(ArraySegment`1 ciphertext, ArraySegment`1 additionalAuthenticatedData)
   at Microsoft.AspNetCore.DataProtection.KeyManagement.KeyRingBasedDataProtector.UnprotectCore(Byte[] protectedData, Boolean allowOperationsOnRevokedKeys, UnprotectStatus& status)
   at Microsoft.AspNetCore.DataProtection.KeyManagement.KeyRingBasedDataProtector.DangerousUnprotect(Byte[] protectedData, Boolean ignoreRevocationErrors, Boolean& requiresMigration, Boolean& wasRevoked)
   at Microsoft.AspNetCore.DataProtection.KeyManagement.KeyRingBasedDataProtector.Unprotect(Byte[] protectedData)
   at Microsoft.AspNetCore.Session.CookieProtection.Unprotect(IDataProtector protector, String protectedText, ILogger logger)
2020-07-02 01:19:30,355  WARN Microsoft.AspNetCore.HttpsPolicy.HttpsRedirectionMiddleware.? [?] - MESSAGE: Failed to determine the https port for redirect.
 2020-07-02 01:19:30,399  WARN mvcProject.Controllers.HomeController.? [?] - MESSAGE: 1111
 2020-07-02 01:23:28,989  INFO Microsoft.Hosting.Lifetime.? [?] - MESSAGE: Application is shutting down...
 2020-07-02 01:47:20,051  INFO Microsoft.Hosting.Lifetime.? [?] - MESSAGE: Now listening on: http://[::]:5177
 2020-07-02 01:47:20,061  INFO Microsoft.Hosting.Lifetime.? [?] - MESSAGE: Application started. Press Ctrl+C to shut down.
 2020-07-02 01:47:20,061  INFO Microsoft.Hosting.Lifetime.? [?] - MESSAGE: Hosting environment: Production
 2020-07-02 01:47:20,061  INFO Microsoft.Hosting.Lifetime.? [?] - MESSAGE: Content root path: C:\Users\19312\Desktop\重要文件\ASP.NET Core\myProject\mvcProject\bin\Debug\netcoreapp3.1
 2020-07-02 01:47:56,805  WARN Microsoft.AspNetCore.Session.SessionMiddleware.? [?] - MESSAGE: Error unprotecting the session cookie.
 System.Security.Cryptography.CryptographicException: The payload was invalid.
   at Microsoft.AspNetCore.DataProtection.Cng.CbcAuthenticatedEncryptor.DecryptImpl(Byte* pbCiphertext, UInt32 cbCiphertext, Byte* pbAdditionalAuthenticatedData, UInt32 cbAdditionalAuthenticatedData)
   at Microsoft.AspNetCore.DataProtection.Cng.Internal.CngAuthenticatedEncryptorBase.Decrypt(ArraySegment`1 ciphertext, ArraySegment`1 additionalAuthenticatedData)
   at Microsoft.AspNetCore.DataProtection.KeyManagement.KeyRingBasedDataProtector.UnprotectCore(Byte[] protectedData, Boolean allowOperationsOnRevokedKeys, UnprotectStatus& status)
   at Microsoft.AspNetCore.DataProtection.KeyManagement.KeyRingBasedDataProtector.DangerousUnprotect(Byte[] protectedData, Boolean ignoreRevocationErrors, Boolean& requiresMigration, Boolean& wasRevoked)
   at Microsoft.AspNetCore.DataProtection.KeyManagement.KeyRingBasedDataProtector.Unprotect(Byte[] protectedData)
   at Microsoft.AspNetCore.Session.CookieProtection.Unprotect(IDataProtector protector, String protectedText, ILogger logger)
2020-07-02 01:47:56,811  WARN Microsoft.AspNetCore.HttpsPolicy.HttpsRedirectionMiddleware.? [?] - MESSAGE: Failed to determine the https port for redirect.
 2020-07-02 01:47:56,928  WARN Microsoft.AspNetCore.Session.SessionMiddleware.? [?] - MESSAGE: Error unprotecting the session cookie.
 System.Security.Cryptography.CryptographicException: The payload was invalid.
   at Microsoft.AspNetCore.DataProtection.Cng.CbcAuthenticatedEncryptor.DecryptImpl(Byte* pbCiphertext, UInt32 cbCiphertext, Byte* pbAdditionalAuthenticatedData, UInt32 cbAdditionalAuthenticatedData)
   at Microsoft.AspNetCore.DataProtection.Cng.Internal.CngAuthenticatedEncryptorBase.Decrypt(ArraySegment`1 ciphertext, ArraySegment`1 additionalAuthenticatedData)
   at Microsoft.AspNetCore.DataProtection.KeyManagement.KeyRingBasedDataProtector.UnprotectCore(Byte[] protectedData, Boolean allowOperationsOnRevokedKeys, UnprotectStatus& status)
   at Microsoft.AspNetCore.DataProtection.KeyManagement.KeyRingBasedDataProtector.DangerousUnprotect(Byte[] protectedData, Boolean ignoreRevocationErrors, Boolean& requiresMigration, Boolean& wasRevoked)
   at Microsoft.AspNetCore.DataProtection.KeyManagement.KeyRingBasedDataProtector.Unprotect(Byte[] protectedData)
   at Microsoft.AspNetCore.Session.CookieProtection.Unprotect(IDataProtector protector, String protectedText, ILogger logger)
2020-07-02 01:47:56,928  WARN Microsoft.AspNetCore.Session.SessionMiddleware.? [?] - MESSAGE: Error unprotecting the session cookie.
 System.Security.Cryptography.CryptographicException: The payload was invalid.
   at Microsoft.AspNetCore.DataProtection.Cng.CbcAuthenticatedEncryptor.DecryptImpl(Byte* pbCiphertext, UInt32 cbCiphertext, Byte* pbAdditionalAuthenticatedData, UInt32 cbAdditionalAuthenticatedData)
   at Microsoft.AspNetCore.DataProtection.Cng.Internal.CngAuthenticatedEncryptorBase.Decrypt(ArraySegment`1 ciphertext, ArraySegment`1 additionalAuthenticatedData)
   at Microsoft.AspNetCore.DataProtection.KeyManagement.KeyRingBasedDataProtector.UnprotectCore(Byte[] protectedData, Boolean allowOperationsOnRevokedKeys, UnprotectStatus& status)
   at Microsoft.AspNetCore.DataProtection.KeyManagement.KeyRingBasedDataProtector.DangerousUnprotect(Byte[] protectedData, Boolean ignoreRevocationErrors, Boolean& requiresMigration, Boolean& wasRevoked)
   at Microsoft.AspNetCore.DataProtection.KeyManagement.KeyRingBasedDataProtector.Unprotect(Byte[] protectedData)
   at Microsoft.AspNetCore.Session.CookieProtection.Unprotect(IDataProtector protector, String protectedText, ILogger logger)
2020-07-02 01:47:56,928  WARN Microsoft.AspNetCore.Session.SessionMiddleware.? [?] - MESSAGE: Error unprotecting the session cookie.
 System.Security.Cryptography.CryptographicException: The payload was invalid.
   at Microsoft.AspNetCore.DataProtection.Cng.CbcAuthenticatedEncryptor.DecryptImpl(Byte* pbCiphertext, UInt32 cbCiphertext, Byte* pbAdditionalAuthenticatedData, UInt32 cbAdditionalAuthenticatedData)
   at Microsoft.AspNetCore.DataProtection.Cng.Internal.CngAuthenticatedEncryptorBase.Decrypt(ArraySegment`1 ciphertext, ArraySegment`1 additionalAuthenticatedData)
   at Microsoft.AspNetCore.DataProtection.KeyManagement.KeyRingBasedDataProtector.UnprotectCore(Byte[] protectedData, Boolean allowOperationsOnRevokedKeys, UnprotectStatus& status)
   at Microsoft.AspNetCore.DataProtection.KeyManagement.KeyRingBasedDataProtector.DangerousUnprotect(Byte[] protectedData, Boolean ignoreRevocationErrors, Boolean& requiresMigration, Boolean& wasRevoked)
   at Microsoft.AspNetCore.DataProtection.KeyManagement.KeyRingBasedDataProtector.Unprotect(Byte[] protectedData)
   at Microsoft.AspNetCore.Session.CookieProtection.Unprotect(IDataProtector protector, String protectedText, ILogger logger)
2020-07-02 01:47:56,929  WARN Microsoft.AspNetCore.Session.SessionMiddleware.? [?] - MESSAGE: Error unprotecting the session cookie.
 System.Security.Cryptography.CryptographicException: The payload was invalid.
   at Microsoft.AspNetCore.DataProtection.Cng.CbcAuthenticatedEncryptor.DecryptImpl(Byte* pbCiphertext, UInt32 cbCiphertext, Byte* pbAdditionalAuthenticatedData, UInt32 cbAdditionalAuthenticatedData)
   at Microsoft.AspNetCore.DataProtection.Cng.Internal.CngAuthenticatedEncryptorBase.Decrypt(ArraySegment`1 ciphertext, ArraySegment`1 additionalAuthenticatedData)
   at Microsoft.AspNetCore.DataProtection.KeyManagement.KeyRingBasedDataProtector.UnprotectCore(Byte[] protectedData, Boolean allowOperationsOnRevokedKeys, UnprotectStatus& status)
   at Microsoft.AspNetCore.DataProtection.KeyManagement.KeyRingBasedDataProtector.DangerousUnprotect(Byte[] protectedData, Boolean ignoreRevocationErrors, Boolean& requiresMigration, Boolean& wasRevoked)
   at Microsoft.AspNetCore.DataProtection.KeyManagement.KeyRingBasedDataProtector.Unprotect(Byte[] protectedData)
   at Microsoft.AspNetCore.Session.CookieProtection.Unprotect(IDataProtector protector, String protectedText, ILogger logger)
2020-07-02 01:47:56,941  WARN Microsoft.AspNetCore.Session.SessionMiddleware.? [?] - MESSAGE: Error unprotecting the session cookie.
 System.Security.Cryptography.CryptographicException: The payload was invalid.
   at Microsoft.AspNetCore.DataProtection.Cng.CbcAuthenticatedEncryptor.DecryptImpl(Byte* pbCiphertext, UInt32 cbCiphertext, Byte* pbAdditionalAuthenticatedData, UInt32 cbAdditionalAuthenticatedData)
   at Microsoft.AspNetCore.DataProtection.Cng.Internal.CngAuthenticatedEncryptorBase.Decrypt(ArraySegment`1 ciphertext, ArraySegment`1 additionalAuthenticatedData)
   at Microsoft.AspNetCore.DataProtection.KeyManagement.KeyRingBasedDataProtector.UnprotectCore(Byte[] protectedData, Boolean allowOperationsOnRevokedKeys, UnprotectStatus& status)
   at Microsoft.AspNetCore.DataProtection.KeyManagement.KeyRingBasedDataProtector.DangerousUnprotect(Byte[] protectedData, Boolean ignoreRevocationErrors, Boolean& requiresMigration, Boolean& wasRevoked)
   at Microsoft.AspNetCore.DataProtection.KeyManagement.KeyRingBasedDataProtector.Unprotect(Byte[] protectedData)
   at Microsoft.AspNetCore.Session.CookieProtection.Unprotect(IDataProtector protector, String protectedText, ILogger logger)
2020-07-02 01:56:52,436  INFO Microsoft.Hosting.Lifetime.? [?] - MESSAGE: Application is shutting down...
 2020-07-02 01:56:55,335  INFO Microsoft.Hosting.Lifetime.? [?] - MESSAGE: Now listening on: http://[::]:5177
 2020-07-02 01:56:55,346  INFO Microsoft.Hosting.Lifetime.? [?] - MESSAGE: Application started. Press Ctrl+C to shut down.
 2020-07-02 01:56:55,346  INFO Microsoft.Hosting.Lifetime.? [?] - MESSAGE: Hosting environment: Production
 2020-07-02 01:56:55,346  INFO Microsoft.Hosting.Lifetime.? [?] - MESSAGE: Content root path: C:\Users\19312\Desktop\重要文件\ASP.NET Core\myProject\mvcProject\bin\Debug\netcoreapp3.1
 2020-07-02 01:57:05,905  WARN Microsoft.AspNetCore.Session.SessionMiddleware.? [?] - MESSAGE: Error unprotecting the session cookie.
 System.Security.Cryptography.CryptographicException: The payload was invalid.
   at Microsoft.AspNetCore.DataProtection.Cng.CbcAuthenticatedEncryptor.DecryptImpl(Byte* pbCiphertext, UInt32 cbCiphertext, Byte* pbAdditionalAuthenticatedData, UInt32 cbAdditionalAuthenticatedData)
   at Microsoft.AspNetCore.DataProtection.Cng.Internal.CngAuthenticatedEncryptorBase.Decrypt(ArraySegment`1 ciphertext, ArraySegment`1 additionalAuthenticatedData)
   at Microsoft.AspNetCore.DataProtection.KeyManagement.KeyRingBasedDataProtector.UnprotectCore(Byte[] protectedData, Boolean allowOperationsOnRevokedKeys, UnprotectStatus& status)
   at Microsoft.AspNetCore.DataProtection.KeyManagement.KeyRingBasedDataProtector.DangerousUnprotect(Byte[] protectedData, Boolean ignoreRevocationErrors, Boolean& requiresMigration, Boolean& wasRevoked)
   at Microsoft.AspNetCore.DataProtection.KeyManagement.KeyRingBasedDataProtector.Unprotect(Byte[] protectedData)
   at Microsoft.AspNetCore.Session.CookieProtection.Unprotect(IDataProtector protector, String protectedText, ILogger logger)
2020-07-02 01:57:05,911  WARN Microsoft.AspNetCore.HttpsPolicy.HttpsRedirectionMiddleware.? [?] - MESSAGE: Failed to determine the https port for redirect.
 2020-07-02 01:57:17,604  INFO Microsoft.Hosting.Lifetime.? [?] - MESSAGE: Application is shutting down...
 